

Microchip MPLAB XC8 Assembler V2.36 build 20220127204148 
                                                                                               Sun Feb 19 10:24:55 2023

Microchip MPLAB XC8 C Compiler v2.36 (Free license) build 20220127204148 Og9 
     1                           	processor	18F46K22
     2                           	fnconf	rparam,??,?,0
     3                           	pagewidth 120
     4                           	opt	flic
     5                           	psect	cinit,global,reloc=2,class=CODE,delta=1
     6                           	psect	cstackCOMRAM,global,class=COMRAM,space=1,delta=1,lowdata,noexec
     7                           	psect	text0,global,reloc=2,class=CODE,delta=1
     8                           	psect	intsave_regs,global,class=BIGRAM,space=1,delta=1,noexec
     9                           	psect	rparam,global,class=COMRAM,space=1,delta=1,noexec
    10                           	psect	idloc,global,abs,ovrld,class=IDLOC,space=5,delta=1,noexec
    11                           	psect	config,global,abs,ovrld,class=CONFIG,space=4,delta=1,noexec
    12  0000                     
    13                           ; Version 2.36
    14                           ; Generated 28/01/2022 GMT
    15                           ; 
    16                           ; Copyright © 2022, Microchip Technology Inc. and its subsidiaries ("Microchip")
    17                           ; All rights reserved.
    18                           ; 
    19                           ; This software is developed by Microchip Technology Inc. and its subsidiaries ("Microch
      +                          ip").
    20                           ; 
    21                           ; Redistribution and use in source and binary forms, with or without modification, are
    22                           ; permitted provided that the following conditions are met:
    23                           ; 
    24                           ;     1. Redistributions of source code must retain the above copyright notice, this lis
      +                          t of
    25                           ;        conditions and the following disclaimer.
    26                           ; 
    27                           ;     2. Redistributions in binary form must reproduce the above copyright notice, this 
      +                          list
    28                           ;        of conditions and the following disclaimer in the documentation and/or other
    29                           ;        materials provided with the distribution. Publication is not required when
    30                           ;        this file is used in an embedded application.
    31                           ; 
    32                           ;     3. Microchip's name may not be used to endorse or promote products derived from th
      +                          is
    33                           ;        software without specific prior written permission.
    34                           ; 
    35                           ; THIS SOFTWARE IS PROVIDED BY MICROCHIP "AS IS" AND ANY EXPRESS OR IMPLIED WARRANTIES,
    36                           ; INCLUDING, BUT NOT LIMITED TO, THE IMPLIED WARRANTIES OF MERCHANTABILITY AND FITNESS F
      +                          OR
    37                           ; PURPOSE ARE DISCLAIMED.  IN NO EVENT SHALL MICROCHIP BE LIABLE FOR ANY DIRECT, INDIREC
      +                          T,
    38                           ; INCIDENTAL, SPECIAL, EXEMPLARY, OR CONSEQUENTIAL DAMAGES (INCLUDING BUT NOT LIMITED TO
    39                           ; PROCUREMENT OF SUBSTITUTE GOODS OR SERVICES; LOSS OF USE, DATA OR PROFITS; OR BUSINESS
    40                           ; INTERRUPTION) HOWSOEVER CAUSED AND ON ANY THEORY OF LIABILITY, WHETHER IN CONTRACT, ST
      +                          RICT
    41                           ; LIABILITY, OR TORT (INCLUDING NEGLIGENCE OR OTHERWISE) ARISING IN ANY WAY OUT OF THE U
      +                          SE OF
    42                           ; THIS SOFTWARE, EVEN IF ADVISED OF THE POSSIBILITY OF SUCH DAMAGE.
    43                           ; 
    44                           ; 
    45                           ; Code-generator required, PIC18F46K22 Definitions
    46                           ; 
    47                           ; SFR Addresses
    48  0000                     _LATBbits	set	3978
    49  0000                     _ANSELB	set	3897
    50  0000                     _OSCCON	set	4051
    51  0000                     _LATB	set	3978
    52  0000                     _TRISB	set	3987
    53                           
    54                           ; #config settings
    55                           
    56                           	psect	cinit
    57  00FFB2                     __pcinit:
    58                           	callstack 0
    59  00FFB2                     start_initialization:
    60                           	callstack 0
    61  00FFB2                     __initialization:
    62                           	callstack 0
    63  00FFB2                     end_of_initialization:
    64                           	callstack 0
    65  00FFB2                     __end_of__initialization:
    66                           	callstack 0
    67  00FFB2  0100               	movlb	0
    68  00FFB4  EFDC  F07F         	goto	_main	;jump to C main() function
    69                           
    70                           	psect	cstackCOMRAM
    71  000001                     __pcstackCOMRAM:
    72                           	callstack 0
    73  000001                     ??_main:
    74                           
    75                           ; 1 bytes @ 0x0
    76  000001                     	ds	2
    77                           
    78 ;;
    79 ;;Main: autosize = 0, tempsize = 2, incstack = 0, save=0
    80 ;;
    81 ;; *************** function _main *****************
    82 ;; Defined at:
    83 ;;		line 18 in file "HolaMundo.c"
    84 ;; Parameters:    Size  Location     Type
    85 ;;		None
    86 ;; Auto vars:     Size  Location     Type
    87 ;;		None
    88 ;; Return value:  Size  Location     Type
    89 ;;                  1    wreg      void 
    90 ;; Registers used:
    91 ;;		wreg, status,2
    92 ;; Tracked objects:
    93 ;;		On entry : 0/0
    94 ;;		On exit  : 0/0
    95 ;;		Unchanged: 0/0
    96 ;; Data sizes:     COMRAM   BANK0   BANK1   BANK2   BANK3   BANK4   BANK5   BANK6   BANK7   BANK8   BANK9  BANK10  BANK1
      +1  BANK12  BANK13  BANK14  BANK15
    97 ;;      Params:         0       0       0       0       0       0       0       0       0       0       0       0       
      +0       0       0       0       0
    98 ;;      Locals:         0       0       0       0       0       0       0       0       0       0       0       0       
      +0       0       0       0       0
    99 ;;      Temps:          2       0       0       0       0       0       0       0       0       0       0       0       
      +0       0       0       0       0
   100 ;;      Totals:         2       0       0       0       0       0       0       0       0       0       0       0       
      +0       0       0       0       0
   101 ;;Total ram usage:        2 bytes
   102 ;; This function calls:
   103 ;;		Nothing
   104 ;; This function is called by:
   105 ;;		Startup code after reset
   106 ;; This function uses a non-reentrant model
   107 ;;
   108                           
   109                           	psect	text0
   110  00FFB8                     __ptext0:
   111                           	callstack 0
   112  00FFB8                     _main:
   113                           	callstack 31
   114                           
   115                           ;HolaMundo.c: 19: OSCCON = 0x72;
   116                           
   117                           ;incstack = 0
   118  00FFB8  0E72               	movlw	114
   119  00FFBA  6ED3               	movwf	211,c	;volatile
   120                           
   121                           ;HolaMundo.c: 20: ANSELB = 0x00;
   122  00FFBC  0E00               	movlw	0
   123  00FFBE  010F               	movlb	15	; () banked
   124  00FFC0  6F39               	movwf	57,b	;volatile
   125                           
   126                           ;HolaMundo.c: 21: TRISB = 0x00;
   127  00FFC2  0E00               	movlw	0
   128  00FFC4  6E93               	movwf	147,c	;volatile
   129                           
   130                           ;HolaMundo.c: 22: LATB = 0x00;
   131  00FFC6  0E00               	movlw	0
   132  00FFC8  6E8A               	movwf	138,c	;volatile
   133  00FFCA                     l770:
   134                           
   135                           ;HolaMundo.c: 26: LATBbits.LATB1 = 1;
   136  00FFCA  828A               	bsf	138,1,c	;volatile
   137                           
   138                           ;HolaMundo.c: 27: _delay((unsigned long)((1000)*(16000000/4000.0)));
   139  00FFCC  0E15               	movlw	21
   140  00FFCE  6E02               	movwf	(??_main+1)^0,c
   141  00FFD0  0E4B               	movlw	75
   142  00FFD2  6E01               	movwf	??_main^0,c
   143  00FFD4  0EBE               	movlw	190
   144  00FFD6                     u17:
   145  00FFD6  2EE8               	decfsz	wreg,f,c
   146  00FFD8  D7FE               	bra	u17
   147  00FFDA  2E01               	decfsz	??_main^0,f,c
   148  00FFDC  D7FC               	bra	u17
   149  00FFDE  2E02               	decfsz	(??_main+1)^0,f,c
   150  00FFE0  D7FA               	bra	u17
   151  00FFE2  D000               	nop2	
   152                           
   153                           ;HolaMundo.c: 29: LATBbits.LATB1 = 0;
   154  00FFE4  928A               	bcf	138,1,c	;volatile
   155                           
   156                           ;HolaMundo.c: 30: _delay((unsigned long)((1000)*(16000000/4000.0)));
   157  00FFE6  0E15               	movlw	21
   158  00FFE8  6E02               	movwf	(??_main+1)^0,c
   159  00FFEA  0E4B               	movlw	75
   160  00FFEC  6E01               	movwf	??_main^0,c
   161  00FFEE  0EBE               	movlw	190
   162  00FFF0                     u27:
   163  00FFF0  2EE8               	decfsz	wreg,f,c
   164  00FFF2  D7FE               	bra	u27
   165  00FFF4  2E01               	decfsz	??_main^0,f,c
   166  00FFF6  D7FC               	bra	u27
   167  00FFF8  2E02               	decfsz	(??_main+1)^0,f,c
   168  00FFFA  D7FA               	bra	u27
   169  00FFFC  D000               	nop2	
   170  00FFFE  D7E5               	goto	l770
   171  010000                     __end_of_main:
   172                           	callstack 0
   173  0000                     
   174                           	psect	rparam
   175  0000                     
   176                           	psect	idloc
   177                           
   178                           ;Config register IDLOC0 @ 0x200000
   179                           ;	unspecified, using default values
   180  200000                     	org	2097152
   181  200000  FF                 	db	255
   182                           
   183                           ;Config register IDLOC1 @ 0x200001
   184                           ;	unspecified, using default values
   185  200001                     	org	2097153
   186  200001  FF                 	db	255
   187                           
   188                           ;Config register IDLOC2 @ 0x200002
   189                           ;	unspecified, using default values
   190  200002                     	org	2097154
   191  200002  FF                 	db	255
   192                           
   193                           ;Config register IDLOC3 @ 0x200003
   194                           ;	unspecified, using default values
   195  200003                     	org	2097155
   196  200003  FF                 	db	255
   197                           
   198                           ;Config register IDLOC4 @ 0x200004
   199                           ;	unspecified, using default values
   200  200004                     	org	2097156
   201  200004  FF                 	db	255
   202                           
   203                           ;Config register IDLOC5 @ 0x200005
   204                           ;	unspecified, using default values
   205  200005                     	org	2097157
   206  200005  FF                 	db	255
   207                           
   208                           ;Config register IDLOC6 @ 0x200006
   209                           ;	unspecified, using default values
   210  200006                     	org	2097158
   211  200006  FF                 	db	255
   212                           
   213                           ;Config register IDLOC7 @ 0x200007
   214                           ;	unspecified, using default values
   215  200007                     	org	2097159
   216  200007  FF                 	db	255
   217                           
   218                           	psect	config
   219                           
   220                           ; Padding undefined space
   221  300000                     	org	3145728
   222  300000  FF                 	db	255
   223                           
   224                           ;Config register CONFIG1H @ 0x300001
   225                           ;	Oscillator Selection bits
   226                           ;	FOSC = INTIO67, Internal oscillator block
   227                           ;	4X PLL Enable
   228                           ;	PLLCFG = 0x0, unprogrammed default
   229                           ;	Primary clock enable bit
   230                           ;	PRICLKEN = 0x1, unprogrammed default
   231                           ;	Fail-Safe Clock Monitor Enable bit
   232                           ;	FCMEN = 0x0, unprogrammed default
   233                           ;	Internal/External Oscillator Switchover bit
   234                           ;	IESO = 0x0, unprogrammed default
   235  300001                     	org	3145729
   236  300001  28                 	db	40
   237                           
   238                           ;Config register CONFIG2L @ 0x300002
   239                           ;	unspecified, using default values
   240                           ;	Power-up Timer Enable bit
   241                           ;	PWRTEN = 0x1, unprogrammed default
   242                           ;	Brown-out Reset Enable bits
   243                           ;	BOREN = 0x3, unprogrammed default
   244                           ;	Brown Out Reset Voltage bits
   245                           ;	BORV = 0x3, unprogrammed default
   246  300002                     	org	3145730
   247  300002  1F                 	db	31
   248                           
   249                           ;Config register CONFIG2H @ 0x300003
   250                           ;	Watchdog Timer Enable bits
   251                           ;	WDTEN = OFF, Watch dog timer is always disabled. SWDTEN has no effect.
   252                           ;	Watchdog Timer Postscale Select bits
   253                           ;	WDTPS = 0xF, unprogrammed default
   254  300003                     	org	3145731
   255  300003  3C                 	db	60
   256                           
   257                           ; Padding undefined space
   258  300004                     	org	3145732
   259  300004  FF                 	db	255
   260                           
   261                           ;Config register CONFIG3H @ 0x300005
   262                           ;	unspecified, using default values
   263                           ;	CCP2 MUX bit
   264                           ;	CCP2MX = 0x1, unprogrammed default
   265                           ;	PORTB A/D Enable bit
   266                           ;	PBADEN = 0x1, unprogrammed default
   267                           ;	P3A/CCP3 Mux bit
   268                           ;	CCP3MX = 0x1, unprogrammed default
   269                           ;	HFINTOSC Fast Start-up
   270                           ;	HFOFST = 0x1, unprogrammed default
   271                           ;	Timer3 Clock input mux bit
   272                           ;	T3CMX = 0x1, unprogrammed default
   273                           ;	ECCP2 B output mux bit
   274                           ;	P2BMX = 0x1, unprogrammed default
   275                           ;	MCLR Pin Enable bit
   276                           ;	MCLRE = 0x1, unprogrammed default
   277  300005                     	org	3145733
   278  300005  BF                 	db	191
   279                           
   280                           ;Config register CONFIG4L @ 0x300006
   281                           ;	Stack Full/Underflow Reset Enable bit
   282                           ;	STVREN = 0x1, unprogrammed default
   283                           ;	Single-Supply ICSP Enable bit
   284                           ;	LVP = OFF, Single-Supply ICSP disabled
   285                           ;	Extended Instruction Set Enable bit
   286                           ;	XINST = 0x0, unprogrammed default
   287                           ;	Background Debug
   288                           ;	DEBUG = 0x1, unprogrammed default
   289  300006                     	org	3145734
   290  300006  81                 	db	129
   291                           
   292                           ; Padding undefined space
   293  300007                     	org	3145735
   294  300007  FF                 	db	255
   295                           
   296                           ;Config register CONFIG5L @ 0x300008
   297                           ;	unspecified, using default values
   298                           ;	Code Protection Block 0
   299                           ;	CP0 = 0x1, unprogrammed default
   300                           ;	Code Protection Block 1
   301                           ;	CP1 = 0x1, unprogrammed default
   302                           ;	Code Protection Block 2
   303                           ;	CP2 = 0x1, unprogrammed default
   304                           ;	Code Protection Block 3
   305                           ;	CP3 = 0x1, unprogrammed default
   306  300008                     	org	3145736
   307  300008  0F                 	db	15
   308                           
   309                           ;Config register CONFIG5H @ 0x300009
   310                           ;	unspecified, using default values
   311                           ;	Boot Block Code Protection bit
   312                           ;	CPB = 0x1, unprogrammed default
   313                           ;	Data EEPROM Code Protection bit
   314                           ;	CPD = 0x1, unprogrammed default
   315  300009                     	org	3145737
   316  300009  C0                 	db	192
   317                           
   318                           ;Config register CONFIG6L @ 0x30000A
   319                           ;	unspecified, using default values
   320                           ;	Write Protection Block 0
   321                           ;	WRT0 = 0x1, unprogrammed default
   322                           ;	Write Protection Block 1
   323                           ;	WRT1 = 0x1, unprogrammed default
   324                           ;	Write Protection Block 2
   325                           ;	WRT2 = 0x1, unprogrammed default
   326                           ;	Write Protection Block 3
   327                           ;	WRT3 = 0x1, unprogrammed default
   328  30000A                     	org	3145738
   329  30000A  0F                 	db	15
   330                           
   331                           ;Config register CONFIG6H @ 0x30000B
   332                           ;	unspecified, using default values
   333                           ;	Configuration Register Write Protection bit
   334                           ;	WRTC = 0x1, unprogrammed default
   335                           ;	Boot Block Write Protection bit
   336                           ;	WRTB = 0x1, unprogrammed default
   337                           ;	Data EEPROM Write Protection bit
   338                           ;	WRTD = 0x1, unprogrammed default
   339  30000B                     	org	3145739
   340  30000B  E0                 	db	224
   341                           
   342                           ;Config register CONFIG7L @ 0x30000C
   343                           ;	unspecified, using default values
   344                           ;	Table Read Protection Block 0
   345                           ;	EBTR0 = 0x1, unprogrammed default
   346                           ;	Table Read Protection Block 1
   347                           ;	EBTR1 = 0x1, unprogrammed default
   348                           ;	Table Read Protection Block 2
   349                           ;	EBTR2 = 0x1, unprogrammed default
   350                           ;	Table Read Protection Block 3
   351                           ;	EBTR3 = 0x1, unprogrammed default
   352  30000C                     	org	3145740
   353  30000C  0F                 	db	15
   354                           
   355                           ;Config register CONFIG7H @ 0x30000D
   356                           ;	unspecified, using default values
   357                           ;	Boot Block Table Read Protection bit
   358                           ;	EBTRB = 0x1, unprogrammed default
   359  30000D                     	org	3145741
   360  30000D  40                 	db	64
   361                           tosu	equ	0xFFF
   362                           tosh	equ	0xFFE
   363                           tosl	equ	0xFFD
   364                           stkptr	equ	0xFFC
   365                           pclatu	equ	0xFFB
   366                           pclath	equ	0xFFA
   367                           pcl	equ	0xFF9
   368                           tblptru	equ	0xFF8
   369                           tblptrh	equ	0xFF7
   370                           tblptrl	equ	0xFF6
   371                           tablat	equ	0xFF5
   372                           prodh	equ	0xFF4
   373                           prodl	equ	0xFF3
   374                           indf0	equ	0xFEF
   375                           postinc0	equ	0xFEE
   376                           postdec0	equ	0xFED
   377                           preinc0	equ	0xFEC
   378                           plusw0	equ	0xFEB
   379                           fsr0h	equ	0xFEA
   380                           fsr0l	equ	0xFE9
   381                           wreg	equ	0xFE8
   382                           indf1	equ	0xFE7
   383                           postinc1	equ	0xFE6
   384                           postdec1	equ	0xFE5
   385                           preinc1	equ	0xFE4
   386                           plusw1	equ	0xFE3
   387                           fsr1h	equ	0xFE2
   388                           fsr1l	equ	0xFE1
   389                           bsr	equ	0xFE0
   390                           indf2	equ	0xFDF
   391                           postinc2	equ	0xFDE
   392                           postdec2	equ	0xFDD
   393                           preinc2	equ	0xFDC
   394                           plusw2	equ	0xFDB
   395                           fsr2h	equ	0xFDA
   396                           fsr2l	equ	0xFD9
   397                           status	equ	0xFD8

Data Sizes:
    Strings     0
    Constant    0
    Data        0
    BSS         0
    Persistent  0
    Stack       0

Auto Spaces:
    Space          Size  Autos    Used
    COMRAM           95      2       2
    BANK0           160      0       0
    BANK1           256      0       0
    BANK2           256      0       0
    BANK3           256      0       0
    BANK4           256      0       0
    BANK5           256      0       0
    BANK6           256      0       0
    BANK7           256      0       0
    BANK8           256      0       0
    BANK9           256      0       0
    BANK10          256      0       0
    BANK11          256      0       0
    BANK12          256      0       0
    BANK13          256      0       0
    BANK14          256      0       0
    BANK15           56      0       0

Pointer List with Targets:

    None.

Critical Paths under _main in COMRAM

    None.

Critical Paths under _main in BANK0

    None.

Critical Paths under _main in BANK1

    None.

Critical Paths under _main in BANK2

    None.

Critical Paths under _main in BANK3

    None.

Critical Paths under _main in BANK4

    None.

Critical Paths under _main in BANK5

    None.

Critical Paths under _main in BANK6

    None.

Critical Paths under _main in BANK7

    None.

Critical Paths under _main in BANK8

    None.

Critical Paths under _main in BANK9

    None.

Critical Paths under _main in BANK10

    None.

Critical Paths under _main in BANK11

    None.

Critical Paths under _main in BANK12

    None.

Critical Paths under _main in BANK13

    None.

Critical Paths under _main in BANK14

    None.

Critical Paths under _main in BANK15

    None.

Call Graph Tables:

 ---------------------------------------------------------------------------------
 (Depth) Function   	        Calls       Base Space   Used Autos Params    Refs
 ---------------------------------------------------------------------------------
 (0) _main                                                 2     2      0       0
                                              0 COMRAM     2     2      0
 ---------------------------------------------------------------------------------
 Estimated maximum stack depth 0
 ---------------------------------------------------------------------------------

 Call Graph Graphs:

 _main (ROOT)

 Address spaces:
Name               Size   Autos  Total    Cost      Usage
BITCOMRAM           5F      0       0       0        0.0%
EEDATA             400      0       0       0        0.0%
NULL                 0      0       0       0        0.0%
CODE                 0      0       0       0        0.0%
COMRAM              5F      2       2       1        2.1%
STACK                0      0       0       2        0.0%
DATA                 0      0       0       3        0.0%
BITBANK0            A0      0       0       4        0.0%
BANK0               A0      0       0       5        0.0%
BITBANK1           100      0       0       6        0.0%
BANK1              100      0       0       7        0.0%
BITBANK2           100      0       0       8        0.0%
BANK2              100      0       0       9        0.0%
BITBANK3           100      0       0      10        0.0%
BANK3              100      0       0      11        0.0%
BITBANK4           100      0       0      12        0.0%
BANK4              100      0       0      13        0.0%
BITBANK5           100      0       0      14        0.0%
BANK5              100      0       0      15        0.0%
BITBANK6           100      0       0      16        0.0%
BANK6              100      0       0      17        0.0%
BITBANK7           100      0       0      18        0.0%
BANK7              100      0       0      19        0.0%
BITBANK8           100      0       0      20        0.0%
BANK8              100      0       0      21        0.0%
BITBANK9           100      0       0      22        0.0%
BANK9              100      0       0      23        0.0%
BITBANK10          100      0       0      24        0.0%
BANK10             100      0       0      25        0.0%
BITBANK11          100      0       0      26        0.0%
BANK11             100      0       0      27        0.0%
ABS                  0      0       0      28        0.0%
BITBANK12          100      0       0      29        0.0%
BANK12             100      0       0      30        0.0%
BITBANK13          100      0       0      31        0.0%
BANK13             100      0       0      32        0.0%
BITBANK14          100      0       0      33        0.0%
BANK14             100      0       0      34        0.0%
BITBANK15           38      0       0      35        0.0%
BANK15              38      0       0      36        0.0%
BITBIGSFRh          2C      0       0      37        0.0%
BITBIGSFRlhh        3F      0       0      38        0.0%
BITBIGSFRlhlh        8      0       0      39        0.0%
BITBIGSFRlhll       50      0       0      40        0.0%
BITBIGSFRll          1      0       0      41        0.0%
BIGRAM             F37      0       0      42        0.0%
BIGSFR               0      0       0     200        0.0%
BITSFR_1             0      0       0     200        0.0%
SFR_1                0      0       0     200        0.0%
BITSFR               0      0       0     200        0.0%
SFR                  0      0       0     200        0.0%


Microchip Technology PIC18 Macro Assembler V2.36 build 20220127204148 
Symbol Table                                                                                   Sun Feb 19 10:24:55 2023

                     u17 FFD6                       u27 FFF0                      l770 FFCA  
                    wreg 000FE8                     _LATB 000F8A                     _main FFB8  
                   start 0000             ___param_bank 000000                    ?_main 0001  
                  _TRISB 000F93          __initialization FFB2             __end_of_main 0000  
                 ??_main 0001            __activetblptr 000000                   _ANSELB 000F39  
                 _OSCCON 000FD3                   isa$std 000001               __accesstop 0060  
__end_of__initialization FFB2            ___rparam_used 000001           __pcstackCOMRAM 0001  
                __Hparam 0000                  __Lparam 0000                  __pcinit FFB2  
                __ramtop 1000                  __ptext0 FFB8     end_of_initialization FFB2  
    start_initialization FFB2                 _LATBbits 000F8A                 __Hrparam 0000  
               __Lrparam 0000                 isa$xinst 000000  
